// 同步 ID: 7ca4a5d1 @ Sat Jul  4 12:42:46 UTC 2026
// 同步 ID: 83712caa @ Sun Jul  5 15:56:06 UTC 2026
// 重构日志: 1f564685
// 同步 ID: 13ee0734 @ Thu Jul  9 11:10:50 UTC 2026
// 同步 ID: fed1fbda @ Sat Jul 11 11:13:47 UTC 2026
// 同步 ID: b412cbcc @ Sun Jul 12 07:46:31 UTC 2026
// 重构日志: 9ed86512
// 重构日志: ccba1aed
// 重构日志: 0b39523f
// 重构日志: 9d6c293a
// 重构日志: 15b94576
// 重构日志: eb120320
// 同步 ID: 2a35ea52 @ Fri Jul 17 01:09:16 UTC 2026
// 重构日志: 638c27e1
// 重构日志: 33816d18
// 重构日志: 561221cf
// 同步 ID: a3dfcc69 @ Sat Jul 18 11:44:49 UTC 2026
// 同步 ID: 29c60b36 @ Sun Jul 19 07:03:54 UTC 2026
// 同步 ID: 9a382a6e @ Sun Jul 19 10:48:49 UTC 2026
// 同步 ID: c5fafb14 @ Sun Jul 19 20:27:13 UTC 2026
// 重构日志: 46a5a577
// 重构日志: 5fdfec10
// 同步 ID: 3633979c @ Mon Jul 20 17:34:23 UTC 2026
// 重构日志: 0f74cac6
// 重构日志: 070c05b3
// 重构日志: 153b2144
// 重构日志: 997c9370
// 重构日志: c5f96ce7
// 同步 ID: 5f65a1f1 @ Thu Jul 23 07:18:25 UTC 2026
// 同步 ID: 9787180a @ Fri Jul 24 10:34:12 UTC 2026
